<?xml version="1.0" encoding="UTF-8"?>
<testsuite xmlns:xsi="http://www.w3.org/2001/XMLSchema-instance" xsi:noNamespaceSchemaLocation="https://maven.apache.org/surefire/maven-surefire-plugin/xsd/surefire-test-report-3.0.xsd" version="3.0" name="com.mycompany.app.SqrtTest" time="0.002" tests="11" errors="0" skipped="0" failures="0">
  <properties>
[...]
</properties>
  <testcase name="testCalcSqrtSmallNumber" classname="com.mycompany.app.SqrtTest" time="0.0"/>
  <testcase name="testGoodEnough" classname="com.mycompany.app.SqrtTest" time="0.0"/>
  <testcase name="testAverage" classname="com.mycompany.app.SqrtTest" time="0.0"/>
  <testcase name="testCalcSqrtBigNumber" classname="com.mycompany.app.SqrtTest" time="0.0"/>
  <testcase name="testCalcSqrt0" classname="com.mycompany.app.SqrtTest" time="0.0"/>
  <testcase name="testCalcSqrt2" classname="com.mycompany.app.SqrtTest" time="0.0"/>
  <testcase name="testCalcSqrt4" classname="com.mycompany.app.SqrtTest" time="0.0"/>
  <testcase name="testCalcSqrt9" classname="com.mycompany.app.SqrtTest" time="0.0"/>
  <testcase name="testNotGoodEnough" classname="com.mycompany.app.SqrtTest" time="0.0"/>
  <testcase name="testIterOneIteration" classname="com.mycompany.app.SqrtTest" time="0.0"/>
  <testcase name="testImprove" classname="com.mycompany.app.SqrtTest" time="0.0"/>
</testsuite>